<?xml version="1.0" encoding="UTF-8"?>
<!-- Generated by org.testng.reporters.JUnitXMLReporter -->
<testsuite ignored="0" hostname="DESKTOP-GSUKVBF" failures="0" tests="2" name="Validating Contact Us" time="31.649" errors="0" timestamp="2022-03-04T13:30:27 EST">
  <testcase classname="AutomationFrameworkProject.ContactUs" name="verifyContactOptions" time="23.995"/>
  <testcase classname="AutomationFrameworkProject.ContactUs" name="verifyReferenceOptions" time="5.297"/>
</testsuite> <!-- Validating Contact Us -->
