<?xml version="1.0" encoding="UTF-8"?>
<!-- Generated by org.testng.reporters.JUnitXMLReporter -->
<testsuite ignored="0" hostname="DESKTOP-GSUKVBF" failures="0" tests="3" name="Validating Checkout" time="89.126" errors="0" timestamp="2022-03-04T13:31:25 EST">
  <testcase classname="AutomationFrameworkProject.Checkout" name="verifyCartContents" time="50.537"/>
  <testcase classname="AutomationFrameworkProject.Checkout" name="verifyCheckout" time="34.962"/>
  <testcase classname="AutomationFrameworkProject.Checkout" name="verifyOrderPlaced" time="1.435"/>
</testsuite> <!-- Validating Checkout -->
