<?xml version="1.0" encoding="UTF-8"?>
<!-- Generated by org.testng.reporters.JUnitXMLReporter -->
<testsuite ignored="0" hostname="DESKTOP-GSUKVBF" failures="0" tests="5" name="Validating Homepage" time="86.603" errors="0" timestamp="2022-03-04T13:31:22 EST">
  <testcase classname="AutomationFrameworkProject.HomePage" name="verifyFooterLinks" time="47.262"/>
  <testcase classname="AutomationFrameworkProject.HomePage" name="verifySearchSuggestions" time="2.728"/>
  <testcase classname="AutomationFrameworkProject.HomePage" name="verifySearchSuggestions" time="7.304"/>
  <testcase classname="AutomationFrameworkProject.HomePage" name="verifySearchSuggestions" time="12.865"/>
  <testcase classname="AutomationFrameworkProject.HomePage" name="verifySearchSuggestions" time="14.308"/>
</testsuite> <!-- Validating Homepage -->
