<?xml version="1.0" encoding="UTF-8"?>
<!-- Generated by org.testng.reporters.JUnitXMLReporter -->
<testsuite ignored="0" hostname="DESKTOP-GSUKVBF" failures="0" tests="2" name="Validating Sign In" time="44.421" errors="0" timestamp="2022-03-04T13:30:40 EST">
  <testcase classname="AutomationFrameworkProject.SignIn" name="verifyForgotPassword" time="9.268"/>
  <testcase classname="AutomationFrameworkProject.SignIn" name="verifySignInAndOut" time="33.004"/>
</testsuite> <!-- Validating Sign In -->
