<?xml version="1.0" encoding="UTF-8"?>
<!-- Generated by org.testng.reporters.JUnitXMLReporter -->
<testsuite ignored="0" hostname="DESKTOP-GSUKVBF" failures="0" tests="2" name="Validating Contact Us" time="23.872" errors="0" timestamp="2022-03-04T13:44:23 EST">
  <testcase classname="AutomationFrameworkProject.ContactUs" name="verifyContactOptions" time="19.306"/>
  <testcase classname="AutomationFrameworkProject.ContactUs" name="verifyReferenceOptions" time="1.818"/>
</testsuite> <!-- Validating Contact Us -->
