<?xml version="1.0" encoding="UTF-8"?>
<!-- Generated by org.testng.reporters.JUnitXMLReporter -->
<testsuite ignored="0" hostname="DESKTOP-GSUKVBF" failures="0" tests="3" name="Validating Checkout" time="58.162" errors="0" timestamp="2022-03-04T13:44:57 EST">
  <testcase classname="AutomationFrameworkProject.Checkout" name="verifyCartContents" time="42.826"/>
  <testcase classname="AutomationFrameworkProject.Checkout" name="verifyCheckout" time="11.283"/>
  <testcase classname="AutomationFrameworkProject.Checkout" name="verifyOrderPlaced" time="1.301"/>
</testsuite> <!-- Validating Checkout -->
