<?xml version="1.0" encoding="UTF-8"?>
<!-- Generated by org.testng.reporters.JUnitXMLReporter -->
<testsuite ignored="0" hostname="DESKTOP-GSUKVBF" failures="0" tests="2" name="Validating Sign In" time="36.629" errors="0" timestamp="2022-03-04T13:44:36 EST">
  <testcase classname="AutomationFrameworkProject.SignIn" name="verifyForgotPassword" time="9.173"/>
  <testcase classname="AutomationFrameworkProject.SignIn" name="verifySignInAndOut" time="24.714"/>
</testsuite> <!-- Validating Sign In -->
