-------------------------------------------------------------------------------
Test set: TestSuite
-------------------------------------------------------------------------------
Tests run: 12, Failures: 1, Errors: 0, Skipped: 0, Time elapsed: 59.107 s <<< FAILURE! - in TestSuite
AutomationFrameworkProject.HomePage.verifySearchSuggestions[dress](4)  Time elapsed: 3.118 s  <<< FAILURE!
java.lang.AssertionError: Search results failed with term: dress expected [7] but found [5]
	at AutomationFrameworkProject.HomePage.verifySearchSuggestions(HomePage.java:43)

